{"C:\\Users\\Julio\\Documents\\estudo\\cleanArchTurma8\\refatoring2\\src\\validate.ts": {"path":"C:\\Users\\Julio\\Documents\\estudo\\cleanArchTurma8\\refatoring2\\src\\validate.ts","statementMap":{"0":{"start":{"line":4,"column":1},"end":{"line":59,"column":21}},"1":{"start":{"line":5,"column":8},"end":{"line":56,"column":null}},"2":{"start":{"line":6,"column":12},"end":{"line":55,"column":31}},"3":{"start":{"line":8,"column":16},"end":{"line":12,"column":37}},"4":{"start":{"line":14,"column":16},"end":{"line":53,"column":null}},"5":{"start":{"line":14,"column":46},"end":{"line":14,"column":58}},"6":{"start":{"line":15,"column":20},"end":{"line":52,"column":null}},"7":{"start":{"line":20,"column":24},"end":{"line":20,"column":36}},"8":{"start":{"line":21,"column":24},"end":{"line":21,"column":45}},"9":{"start":{"line":23,"column":24},"end":{"line":33,"column":26}},"10":{"start":{"line":23,"column":42},"end":{"line":23,"column":43}},"11":{"start":{"line":28,"column":32},"end":{"line":28,"column":84}},"12":{"start":{"line":29,"column":32},"end":{"line":29,"column":67}},"13":{"start":{"line":31,"column":32},"end":{"line":31,"column":67}},"14":{"start":{"line":35,"column":24},"end":{"line":35,"column":41}},"15":{"start":{"line":37,"column":24},"end":{"line":37,"column":63}},"16":{"start":{"line":38,"column":24},"end":{"line":38,"column":38}},"17":{"start":{"line":39,"column":24},"end":{"line":39,"column":41}},"18":{"start":{"line":40,"column":24},"end":{"line":43,"column":44}},"19":{"start":{"line":41,"column":28},"end":{"line":41,"column":36}},"20":{"start":{"line":43,"column":28},"end":{"line":43,"column":44}},"21":{"start":{"line":45,"column":46},"end":{"line":45,"column":85}},"22":{"start":{"line":46,"column":24},"end":{"line":46,"column":57}},"23":{"start":{"line":47,"column":24},"end":{"line":47,"column":57}},"24":{"start":{"line":49,"column":24},"end":{"line":49,"column":50}},"25":{"start":{"line":51,"column":24},"end":{"line":51,"column":37}},"26":{"start":{"line":53,"column":23},"end":{"line":53,"column":null}},"27":{"start":{"line":55,"column":18},"end":{"line":55,"column":31}},"28":{"start":{"line":59,"column":8},"end":{"line":59,"column":21}},"29":{"start":{"line":2,"column":0},"end":{"line":2,"column":16}}},"fnMap":{"0":{"name":"validate","decl":{"start":{"line":2,"column":16},"end":{"line":2,"column":24}},"loc":{"start":{"line":2,"column":29},"end":{"line":61,"column":1}}},"1":{"name":"(anonymous_1)","decl":{"start":{"line":14,"column":41},"end":{"line":14,"column":42}},"loc":{"start":{"line":14,"column":46},"end":{"line":14,"column":58}}}},"branchMap":{"0":{"loc":{"start":{"line":4,"column":1},"end":{"line":59,"column":21}},"type":"if","locations":[{"start":{"line":4,"column":1},"end":{"line":59,"column":21}},{"start":{"line":59,"column":8},"end":{"line":59,"column":21}}]},"1":{"loc":{"start":{"line":5,"column":8},"end":{"line":56,"column":null}},"type":"if","locations":[{"start":{"line":5,"column":8},"end":{"line":56,"column":null}}]},"2":{"loc":{"start":{"line":6,"column":12},"end":{"line":55,"column":31}},"type":"if","locations":[{"start":{"line":6,"column":12},"end":{"line":55,"column":31}},{"start":{"line":55,"column":18},"end":{"line":55,"column":31}}]},"3":{"loc":{"start":{"line":6,"column":16},"end":{"line":6,"column":52}},"type":"binary-expr","locations":[{"start":{"line":6,"column":16},"end":{"line":6,"column":32}},{"start":{"line":6,"column":36},"end":{"line":6,"column":52}}]},"4":{"loc":{"start":{"line":14,"column":16},"end":{"line":53,"column":null}},"type":"if","locations":[{"start":{"line":14,"column":16},"end":{"line":53,"column":null}},{"start":{"line":53,"column":23},"end":{"line":53,"column":null}}]},"5":{"loc":{"start":{"line":37,"column":30},"end":{"line":37,"column":62}},"type":"cond-expr","locations":[{"start":{"line":37,"column":43},"end":{"line":37,"column":50}},{"start":{"line":37,"column":53},"end":{"line":37,"column":62}}]},"6":{"loc":{"start":{"line":40,"column":24},"end":{"line":43,"column":44}},"type":"if","locations":[{"start":{"line":40,"column":24},"end":{"line":43,"column":44}},{"start":{"line":43,"column":28},"end":{"line":43,"column":44}}]}},"s":{"0":7,"1":6,"2":5,"3":4,"4":4,"5":17,"6":3,"7":3,"8":3,"9":3,"10":3,"11":27,"12":27,"13":27,"14":3,"15":3,"16":3,"17":3,"18":3,"19":1,"20":2,"21":3,"22":3,"23":3,"24":0,"25":0,"26":1,"27":1,"28":1,"29":1},"f":{"0":7,"1":17},"b":{"0":[6,1],"1":[5],"2":[4,1],"3":[5,5],"4":[3,1],"5":[1,2],"6":[1,2]}}
}
