TN:
SF:src\validate.ts
FN:2,validate
FN:14,(anonymous_1)
FNF:2
FNH:2
FNDA:7,validate
FNDA:17,(anonymous_1)
DA:2,1
DA:4,7
DA:5,6
DA:6,5
DA:8,4
DA:14,17
DA:15,3
DA:20,3
DA:21,3
DA:23,3
DA:28,27
DA:29,27
DA:31,27
DA:35,3
DA:37,3
DA:38,3
DA:39,3
DA:40,3
DA:41,1
DA:43,2
DA:45,3
DA:46,3
DA:47,3
DA:49,0
DA:51,0
DA:53,1
DA:55,1
DA:59,1
LF:28
LH:26
BRDA:4,0,0,6
BRDA:4,0,1,1
BRDA:5,1,0,5
BRDA:6,2,0,4
BRDA:6,2,1,1
BRDA:6,3,0,5
BRDA:6,3,1,5
BRDA:14,4,0,3
BRDA:14,4,1,1
BRDA:37,5,0,1
BRDA:37,5,1,2
BRDA:40,6,0,1
BRDA:40,6,1,2
BRF:13
BRH:13
end_of_record
