TN:
SF:src\v1\calc.ts
FN:1,calc
FNF:1
FNH:1
FNDA:7,calc
DA:1,1
DA:2,7
DA:3,7
DA:4,7
DA:10,6
DA:17,5
DA:19,2
DA:20,1
DA:23,1
DA:27,3
DA:28,1
DA:30,2
DA:35,1
DA:39,1
DA:42,5
DA:43,1
DA:45,4
LF:17
LH:17
BRDA:4,0,0,6
BRDA:4,0,1,1
BRDA:5,1,0,7
BRDA:5,1,1,7
BRDA:5,1,2,7
BRDA:5,1,3,7
BRDA:10,2,0,5
BRDA:10,2,1,1
BRDA:11,3,0,6
BRDA:11,3,1,5
BRDA:11,3,2,5
BRDA:11,3,3,5
BRDA:17,4,0,2
BRDA:17,4,1,3
BRDA:17,5,0,5
BRDA:17,5,1,3
BRDA:19,6,0,1
BRDA:19,6,1,1
BRDA:27,7,0,1
BRDA:27,7,1,2
BRDA:42,8,0,1
BRDA:42,8,1,4
BRF:22
BRH:22
end_of_record
TN:
SF:src\v2\calculateRide.ts
FN:9,isOvernight
FN:13,isSunday
FN:17,isValidDistance
FN:25,isValidDate
FN:33,calculateRide
FNF:5
FNH:5
FNDA:20,isOvernight
FNDA:10,isSunday
FNDA:7,isValidDistance
FNDA:6,isValidDate
FNDA:7,calculateRide
DA:1,1
DA:2,1
DA:3,1
DA:4,1
DA:5,1
DA:6,1
DA:7,1
DA:10,20
DA:14,10
DA:18,7
DA:26,6
DA:33,1
DA:34,7
DA:35,7
DA:36,7
DA:37,6
DA:38,5
DA:39,1
DA:41,5
DA:42,1
DA:44,5
DA:45,1
DA:47,5
DA:48,2
DA:51,5
LF:25
LH:25
BRDA:10,0,0,20
BRDA:10,0,1,12
BRDA:19,1,0,7
BRDA:19,1,1,7
BRDA:19,1,2,7
BRDA:27,2,0,6
BRDA:27,2,1,6
BRDA:27,2,2,6
BRDA:36,3,0,1
BRDA:37,4,0,1
BRDA:38,5,0,1
BRDA:38,6,0,5
BRDA:38,6,1,2
BRDA:41,7,0,1
BRDA:41,8,0,5
BRDA:41,8,1,2
BRDA:44,9,0,1
BRDA:44,10,0,5
BRDA:44,10,1,3
BRDA:47,11,0,2
BRDA:47,12,0,5
BRDA:47,12,1,3
BRDA:51,13,0,1
BRDA:51,13,1,4
BRF:24
BRH:24
end_of_record
TN:
SF:src\v3\Ride.ts
FN:11,(anonymous_1)
FN:15,(anonymous_2)
FN:19,(anonymous_3)
FNF:3
FNH:3
FNDA:7,(anonymous_1)
FNDA:7,(anonymous_2)
FNDA:5,(anonymous_3)
DA:1,1
DA:3,1
DA:4,7
DA:5,7
DA:6,7
DA:7,7
DA:8,7
DA:12,7
DA:16,7
DA:20,5
DA:21,5
DA:22,5
DA:23,1
DA:25,5
DA:26,1
DA:28,5
DA:29,1
DA:31,5
DA:32,2
DA:35,5
LF:20
LH:20
BRDA:22,0,0,1
BRDA:22,1,0,5
BRDA:22,1,1,2
BRDA:25,2,0,1
BRDA:25,3,0,5
BRDA:25,3,1,2
BRDA:28,4,0,1
BRDA:28,5,0,5
BRDA:28,5,1,3
BRDA:31,6,0,2
BRDA:31,7,0,5
BRDA:31,7,1,3
BRDA:35,8,0,1
BRDA:35,8,1,4
BRF:14
BRH:14
end_of_record
TN:
SF:src\v3\Segment.ts
FN:5,(anonymous_0)
FN:10,(anonymous_1)
FN:14,(anonymous_2)
FN:18,(anonymous_3)
FN:25,(anonymous_4)
FNF:5
FNH:5
FNDA:7,(anonymous_0)
FNDA:7,(anonymous_1)
FNDA:6,(anonymous_2)
FNDA:20,(anonymous_3)
FNDA:10,(anonymous_4)
DA:1,1
DA:2,7
DA:3,7
DA:5,7
DA:6,7
DA:7,6
DA:11,7
DA:15,6
DA:19,20
DA:26,10
LF:10
LH:10
BRDA:6,0,0,1
BRDA:7,1,0,1
BRDA:11,2,0,7
BRDA:11,2,1,7
BRDA:11,2,2,7
BRDA:15,3,0,6
BRDA:15,3,1,6
BRDA:15,3,2,6
BRDA:20,4,0,20
BRDA:20,4,1,12
BRF:10
BRH:10
end_of_record
